2025-06-06 07:17:00 | DEBUG | repo=pv243-javaee-7 | action=commit
2025-04-22 21:20:00 | WARN | repo=pv243-javaee-7 | action=commit
2025-08-17 18:43:00 | DEBUG | repo=pv243-javaee-7 | action=commit
2025-10-08 08:45:00 | WARN | repo=pv243-javaee-7 | action=commit
2025-04-13 08:07:00 | INFO | repo=pv243-javaee-7 | action=commit
2025-07-04 17:54:00 | WARN | repo=pv243-javaee-7 | action=commit
2025-04-10 17:40:00 | WARN | repo=pv243-javaee-7 | action=pull
2025-09-27 19:40:00 | INFO | repo=pv243-javaee-7 | action=pull
2025-05-12 19:45:00 | INFO | repo=pv243-javaee-7 | action=commit
2025-11-17 08:50:00 | DEBUG | repo=pv243-javaee-7 | action=pull
2025-10-09 20:38:00 | INFO | repo=pv243-javaee-7 | action=pull
2025-03-17 07:04:00 | INFO | repo=pv243-javaee-7 | action=commit
2025-03-26 13:31:00 | INFO | repo=pv243-javaee-7 | action=commit
2025-04-17 19:36:00 | INFO | repo=pv243-javaee-7 | action=commit
2025-08-15 08:33:00 | WARN | repo=pv243-javaee-7 | action=commit
2025-03-01 16:57:00 | WARN | repo=pv243-javaee-7 | action=commit
2025-10-15 07:13:00 | WARN | repo=pv243-javaee-7 | action=pull
2025-07-27 19:40:00 | WARN | repo=pv243-javaee-7 | action=commit
2025-12-05 07:10:00 | WARN | repo=pv243-javaee-7 | action=test | passed=true
2025-01-13 08:18:00 | DEBUG | repo=pv243-javaee-7 | action=commit
2025-04-13 16:33:00 | DEBUG | repo=pv243-javaee-7 | action=commit
2025-05-27 10:50:00 | WARN | repo=pv243-javaee-7 | action=commit
2025-05-11 13:12:00 | DEBUG | repo=pv243-javaee-7 | action=pull
2025-10-17 16:30:00 | WARN | repo=pv243-javaee-7 | action=commit
2025-09-17 08:51:00 | INFO | repo=pv243-javaee-7 | action=edit | files=2
2025-10-18 13:39:00 | WARN | repo=pv243-javaee-7 | action=commit
2025-03-18 13:50:00 | WARN | repo=pv243-javaee-7 | action=commit
2025-08-04 11:37:00 | INFO | repo=pv243-javaee-7 | action=commit
2025-02-20 17:53:00 | WARN | repo=pv243-javaee-7 | action=commit
2025-05-18 20:14:00 | WARN | repo=pv243-javaee-7 | action=commit
2025-08-13 12:16:00 | INFO | repo=pv243-javaee-7 | action=commit
2025-05-02 21:45:00 | INFO | repo=pv243-javaee-7 | action=commit
2025-09-20 17:57:00 | WARN | repo=pv243-javaee-7 | action=test | passed=true
2025-09-08 11:35:00 | DEBUG | repo=pv243-javaee-7 | action=commit
2025-08-27 11:47:00 | WARN | repo=pv243-javaee-7 | action=commit
2025-12-09 07:25:00 | WARN | repo=pv243-javaee-7 | action=commit
2025-11-17 18:51:00 | INFO | repo=pv243-javaee-7 | action=commit
2025-02-13 10:23:00 | INFO | repo=pv243-javaee-7 | action=commit
2025-09-07 17:02:00 | WARN | repo=pv243-javaee-7 | action=commit
2025-12-14 18:32:00 | WARN | repo=pv243-javaee-7 | action=commit
2025-01-13 13:22:00 | INFO | repo=pv243-javaee-7 | action=commit
2025-03-11 17:45:00 | DEBUG | repo=pv243-javaee-7 | action=commit
2025-08-23 21:20:00 | INFO | repo=pv243-javaee-7 | action=pull
2025-04-25 10:57:00 | DEBUG | repo=pv243-javaee-7 | action=edit | files=5
2025-11-19 21:48:00 | DEBUG | repo=pv243-javaee-7 | action=commit
2025-03-13 13:11:00 | WARN | repo=pv243-javaee-7 | action=commit
2025-10-08 11:32:00 | INFO | repo=pv243-javaee-7 | action=test | passed=true
2025-11-11 11:28:00 | INFO | repo=pv243-javaee-7 | action=commit
2025-04-24 21:30:00 | INFO | repo=pv243-javaee-7 | action=commit
2025-12-08 14:30:00 | INFO | repo=pv243-javaee-7 | action=commit
2025-07-09 08:51:00 | INFO | repo=pv243-javaee-7 | action=pull
2025-05-16 16:30:00 | WARN | repo=pv243-javaee-7 | action=commit
2025-07-06 20:14:00 | INFO | repo=pv243-javaee-7 | action=pull
2025-10-10 14:17:00 | WARN | repo=pv243-javaee-7 | action=commit
2025-10-19 21:45:00 | DEBUG | repo=pv243-javaee-7 | action=pull
2025-07-03 20:41:00 | WARN | repo=pv243-javaee-7 | action=commit
2025-05-17 21:07:00 | DEBUG | repo=pv243-javaee-7 | action=pull
2025-05-28 19:17:00 | INFO | repo=pv243-javaee-7 | action=edit | files=5
2025-02-23 17:04:00 | INFO | repo=pv243-javaee-7 | action=commit
2025-08-12 12:03:00 | DEBUG | repo=pv243-javaee-7 | action=commit
2025-11-11 16:46:00 | DEBUG | repo=pv243-javaee-7 | action=test | passed=true
2025-05-22 08:31:00 | INFO | repo=pv243-javaee-7 | action=commit
2025-11-20 19:07:00 | INFO | repo=pv243-javaee-7 | action=commit
2025-08-14 21:55:00 | DEBUG | repo=pv243-javaee-7 | action=commit
2025-10-11 13:09:00 | DEBUG | repo=pv243-javaee-7 | action=commit
2025-08-23 18:12:00 | DEBUG | repo=pv243-javaee-7 | action=test | passed=true
2025-03-21 07:03:00 | DEBUG | repo=pv243-javaee-7 | action=pull
2025-01-18 12:58:00 | INFO | repo=pv243-javaee-7 | action=commit
2025-08-08 20:33:00 | WARN | repo=pv243-javaee-7 | action=commit
2025-06-17 07:18:00 | DEBUG | repo=pv243-javaee-7 | action=commit
2025-12-22 12:52:00 | DEBUG | repo=pv243-javaee-7 | action=test | passed=true
2025-02-02 21:33:00 | DEBUG | repo=pv243-javaee-7 | action=commit
2025-09-04 10:12:00 | INFO | repo=pv243-javaee-7 | action=test | passed=true
2025-04-12 09:02:00 | DEBUG | repo=pv243-javaee-7 | action=edit | files=1
2025-02-22 16:47:00 | DEBUG | repo=pv243-javaee-7 | action=commit
2025-10-16 21:33:00 | WARN | repo=pv243-javaee-7 | action=commit
2025-12-03 21:32:00 | DEBUG | repo=pv243-javaee-7 | action=pull
2025-06-02 10:30:00 | DEBUG | repo=pv243-javaee-7 | action=edit | files=2
2025-04-21 19:22:00 | WARN | repo=pv243-javaee-7 | action=commit
2025-11-10 08:18:00 | DEBUG | repo=pv243-javaee-7 | action=commit
